Arguments: 
  /usr/local/bin/node /usr/local/bin/yarn add --exact --dev typescript @types/react @types/node

PATH: 
  /home/.npm/_npx/8b377f6eec906bc4/node_modules/.bin:/home/project/node_modules/.bin:/home/node_modules/.bin:/node_modules/.bin:/usr/local/lib/node_modules/npm/lib/node-gyp-bin:/bin:/usr/bin:/usr/local/bin

Yarn version: 
  1.22.19

Node version: 
  18.20.3

Platform: 
  linux x64

Trace: 
  Error: https://registry.yarnpkg.com/@types%2fjuice: Not found
      at params.callback (/usr/local/lib/node_modules/yarn/dist/yarn.js:56516:18)
      at self.callback (/usr/local/lib/node_modules/yarn/dist/yarn.js:124821:22)
      at Request.emit (node:events:30:10899)
      at Request.eval (/usr/local/lib/node_modules/yarn/dist/yarn.js:125793:10)
      at Request.emit (node:events:30:10899)
      at IncomingMessage.eval (/usr/local/lib/node_modules/yarn/dist/yarn.js:125715:12)
      at Object.onceWrapper (node:events:30:7970)
      at IncomingMessage.emit (node:events:30:11015)
      at endReadableNT (node:internal/streams/readable:225:8116)
      at processTicksAndRejections (node:internal/process/task_queues:192:1067)

npm manifest: 
  {
    "name": "bolt-nextjs-shadcn",
    "version": "0.1.0",
    "private": true,
    "dependencies": {
      "next": "^15.0.0",
      "react": "^18.2.0",
      "react-dom": "^18.2.0",
      "@dnd-kit/core": "^6.0.8",
      "@dnd-kit/sortable": "^7.0.3",
      "@dnd-kit/utilities": "^3.2.1",
      "@radix-ui/react-dropdown-menu": "^2.0.6",
      "@radix-ui/react-slot": "^1.0.2",
      "class-variance-authority": "^0.7.0",
      "clsx": "^2.0.0",
      "immer": "^10.0.2",
      "juice": "^8.1.0",
      "tailwind-merge": "^2.0.0",
      "zod": "^3.22.4",
      "zustand": "^4.4.5"
    },
    "devDependencies": {
      "@types/juice": "^1.0.1",
      "@types/node": "^20.11.0",
      "@types/react": "^18.2.45",
      "@types/react-dom": "^18.2.18",
      "autoprefixer": "^10.4.16",
      "postcss": "^8.4.32",
      "tailwindcss": "^3.4.0",
      "tailwindcss-animate": "^1.0.7",
      "typescript": "^5.3.0",
      "sqlite3": "^5.1.6"
    },
    "scripts": {
      "dev": "next dev",
      "build": "next build",
      "start": "next start",
      "lint": "next lint"
    }
  }

yarn manifest: 
  No manifest

Lockfile: 
  No lockfile
